[debug] [2021-01-13T20:59:16.962Z] ----------------------------------------------------------------------
[debug] [2021-01-13T20:59:16.966Z] Command:       C:\Program Files\nodejs\node.exe C:\Users\Marcia vazquez\AppData\Roaming\npm\node_modules\firebase-tools\lib\bin\firebase.js init
[debug] [2021-01-13T20:59:16.967Z] CLI Version:   9.2.0
[debug] [2021-01-13T20:59:16.967Z] Platform:      win32
[debug] [2021-01-13T20:59:16.967Z] Node Version:  v15.1.0
[debug] [2021-01-13T20:59:16.969Z] Time:          Wed Jan 13 2021 20:59:16 GMT+0000 (Greenwich Mean Time)
[debug] [2021-01-13T20:59:16.969Z] ----------------------------------------------------------------------
[debug] [2021-01-13T20:59:16.969Z] 
[debug] [2021-01-13T20:59:16.979Z] > command requires scopes: ["email","openid","https://www.googleapis.com/auth/cloudplatformprojects.readonly","https://www.googleapis.com/auth/firebase","https://www.googleapis.com/auth/cloud-platform"]
[debug] [2021-01-13T20:59:16.980Z] > authorizing via signed-in user
[info] 
     ######## #### ########  ######## ########     ###     ######  ########
     ##        ##  ##     ## ##       ##     ##  ##   ##  ##       ##
     ######    ##  ########  ######   ########  #########  ######  ######
     ##        ##  ##    ##  ##       ##     ## ##     ##       ## ##
     ##       #### ##     ## ######## ########  ##     ##  ######  ########

You're about to initialize a Firebase project in this directory:

  C:\Users\Marcia vazquez\Desktop\final project

[info] 
=== Project Setup
[info] 
[info] First, let's associate this project directory with a Firebase project.
[info] You can create multiple project aliases by running firebase use --add, 
[info] but for now we'll just set up a default project.
[info] 
[info] i  If you want to create a project in a Google Cloud organization or folder, please use "firebase projects:create" instead, and return to this command when you've created the project. 
[debug] [2021-01-13T20:59:40.581Z] > refreshing access token with scopes: ["email","https://www.googleapis.com/auth/cloud-platform","https://www.googleapis.com/auth/cloudplatformprojects.readonly","https://www.googleapis.com/auth/firebase","openid"]
[debug] [2021-01-13T20:59:40.581Z] >>> HTTP REQUEST POST https://www.googleapis.com/oauth2/v3/token  
 <request body omitted>
[debug] [2021-01-13T20:59:40.813Z] <<< HTTP RESPONSE 200 {"date":"Wed, 13 Jan 2021 20:59:40 GMT","cache-control":"no-cache, no-store, max-age=0, must-revalidate","expires":"Mon, 01 Jan 1990 00:00:00 GMT","pragma":"no-cache","content-type":"application/json; charset=utf-8","vary":"X-Origin, Referer, Origin,Accept-Encoding","server":"scaffolding on HTTPServer2","x-xss-protection":"0","x-frame-options":"SAMEORIGIN","x-content-type-options":"nosniff","alt-svc":"h3-29=\":443\"; ma=2592000,h3-T051=\":443\"; ma=2592000,h3-Q050=\":443\"; ma=2592000,h3-Q046=\":443\"; ma=2592000,h3-Q043=\":443\"; ma=2592000,quic=\":443\"; ma=2592000; v=\"46,43\"","accept-ranges":"none","transfer-encoding":"chunked"}
[debug] [2021-01-13T20:59:40.833Z] >>> HTTP REQUEST POST https://cloudresourcemanager.googleapis.com/v1/projects  
 {"projectId":"testing","name":"dreamerspirit2"}
[debug] [2021-01-13T20:59:41.606Z] <<< HTTP RESPONSE 409 {"vary":"X-Origin, Referer, Origin,Accept-Encoding","content-type":"application/json; charset=UTF-8","date":"Wed, 13 Jan 2021 20:59:41 GMT","server":"ESF","cache-control":"private","x-xss-protection":"0","x-frame-options":"SAMEORIGIN","x-content-type-options":"nosniff","server-timing":"gfet4t7; dur=588","alt-svc":"h3-29=\":443\"; ma=2592000,h3-T051=\":443\"; ma=2592000,h3-Q050=\":443\"; ma=2592000,h3-Q046=\":443\"; ma=2592000,h3-Q043=\":443\"; ma=2592000,quic=\":443\"; ma=2592000; v=\"46,43\"","accept-ranges":"none","transfer-encoding":"chunked"}
[debug] [2021-01-13T20:59:41.606Z] <<< HTTP RESPONSE BODY {"error":{"code":409,"message":"Requested entity already exists","status":"ALREADY_EXISTS"}}
[debug] [2021-01-13T20:59:41.865Z] FirebaseError: HTTP Error: 409, Requested entity already exists
    at module.exports (C:\Users\Marcia vazquez\AppData\Roaming\npm\node_modules\firebase-tools\lib\responseToError.js:38:12)
    at Request._callback (C:\Users\Marcia vazquez\AppData\Roaming\npm\node_modules\firebase-tools\lib\api.js:41:35)
    at Request.self.callback (C:\Users\Marcia vazquez\AppData\Roaming\npm\node_modules\firebase-tools\node_modules\request\request.js:185:22)
    at Request.emit (node:events:327:20)
    at Request.EventEmitter.emit (node:domain:486:12)
    at Request.<anonymous> (C:\Users\Marcia vazquez\AppData\Roaming\npm\node_modules\firebase-tools\node_modules\request\request.js:1154:10)
    at Request.emit (node:events:327:20)
    at Request.EventEmitter.emit (node:domain:486:12)
    at IncomingMessage.<anonymous> (C:\Users\Marcia vazquez\AppData\Roaming\npm\node_modules\firebase-tools\node_modules\request\request.js:1076:12)
    at Object.onceWrapper (node:events:433:28)
    at IncomingMessage.emit (node:events:339:22)
    at IncomingMessage.EventEmitter.emit (node:domain:486:12)
    at endReadableNT (node:internal/streams/readable:1289:12)
    at processTicksAndRejections (node:internal/process/task_queues:80:21)
[error] 
[error] Error: Failed to create project because there is already a project with ID testing. Please try again with a unique project ID.
